[2018-10-25 18:02:29,575] TRACE [Controller id=0] Checking need to trigger auto leader balancing (kafka.controller.KafkaController)
[2018-10-25 18:02:29,577] DEBUG [Controller id=0] Preferred replicas by broker Map(0 -> Map(basic_topic-0 -> Vector(0))) (kafka.controller.KafkaController)
[2018-10-25 18:02:29,577] DEBUG [Controller id=0] Topics not in preferred replica for broker 0 Map() (kafka.controller.KafkaController)
[2018-10-25 18:02:29,577] TRACE [Controller id=0] Leader imbalance ratio for broker 0 is 0.0 (kafka.controller.KafkaController)
[2018-10-25 18:04:11,716] DEBUG preRegister called. Server=com.sun.jmx.mbeanserver.JmxMBeanServer@66d3c617, name=log4j:logger=kafka.controller (kafka.controller)
[2018-10-25 18:04:13,526] INFO [Controller id=0] Shutting down broker 0 (kafka.controller.KafkaController)
[2018-10-25 18:04:13,526] DEBUG [Controller id=0] All shutting down brokers: 0 (kafka.controller.KafkaController)
[2018-10-25 18:04:13,531] DEBUG [Controller id=0] Live brokers:  (kafka.controller.KafkaController)
[2018-10-25 18:04:13,534] TRACE [Controller id=0] All leaders = basic_topic-0 -> (Leader:0,ISR:0,LeaderEpoch:0,ControllerEpoch:1) (kafka.controller.KafkaController)
[2018-10-25 18:04:14,966] INFO [ControllerEventThread controllerId=0] Shutting down (kafka.controller.ControllerEventManager$ControllerEventThread)
[2018-10-25 18:04:14,966] INFO [ControllerEventThread controllerId=0] Stopped (kafka.controller.ControllerEventManager$ControllerEventThread)
[2018-10-25 18:04:14,969] INFO [ControllerEventThread controllerId=0] Shutdown completed (kafka.controller.ControllerEventManager$ControllerEventThread)
[2018-10-25 18:04:14,970] DEBUG [Controller id=0] Resigning (kafka.controller.KafkaController)
[2018-10-25 18:04:14,970] DEBUG [Controller id=0] Unregister BrokerModifications handler for Set(0) (kafka.controller.KafkaController)
[2018-10-25 18:04:14,986] INFO [PartitionStateMachine controllerId=0] Stopped partition state machine (kafka.controller.PartitionStateMachine)
[2018-10-25 18:04:14,992] INFO [ReplicaStateMachine controllerId=0] Stopped replica state machine (kafka.controller.ReplicaStateMachine)
[2018-10-25 18:04:14,992] INFO [RequestSendThread controllerId=0] Shutting down (kafka.controller.RequestSendThread)
[2018-10-25 18:04:14,993] INFO [RequestSendThread controllerId=0] Stopped (kafka.controller.RequestSendThread)
[2018-10-25 18:04:14,995] INFO [RequestSendThread controllerId=0] Shutdown completed (kafka.controller.RequestSendThread)
[2018-10-25 18:04:14,997] INFO [Controller id=0] Resigned (kafka.controller.KafkaController)
[2018-10-25 18:04:24,791] INFO [ControllerEventThread controllerId=0] Starting (kafka.controller.ControllerEventManager$ControllerEventThread)
[2018-10-25 18:04:24,843] INFO [Controller id=0] 0 successfully elected as the controller (kafka.controller.KafkaController)
[2018-10-25 18:04:24,843] INFO [Controller id=0] Reading controller epoch from ZooKeeper (kafka.controller.KafkaController)
[2018-10-25 18:04:24,854] INFO [Controller id=0] Initialized controller epoch to 8 and zk version 7 (kafka.controller.KafkaController)
[2018-10-25 18:04:24,855] INFO [Controller id=0] Incrementing controller epoch in ZooKeeper (kafka.controller.KafkaController)
[2018-10-25 18:04:24,877] INFO [Controller id=0] Epoch incremented to 9 (kafka.controller.KafkaController)
[2018-10-25 18:04:24,877] INFO [Controller id=0] Registering handlers (kafka.controller.KafkaController)
[2018-10-25 18:04:24,883] INFO [Controller id=0] Deleting log dir event notifications (kafka.controller.KafkaController)
[2018-10-25 18:04:24,887] INFO [Controller id=0] Deleting isr change notifications (kafka.controller.KafkaController)
[2018-10-25 18:04:24,909] INFO [Controller id=0] Initializing controller context (kafka.controller.KafkaController)
[2018-10-25 18:04:25,084] DEBUG [Controller id=0] Register BrokerModifications handler for Set(0) (kafka.controller.KafkaController)
[2018-10-25 18:04:25,123] DEBUG [Channel manager on controller 0]: Controller 0 trying to connect to broker 0 (kafka.controller.ControllerChannelManager)
[2018-10-25 18:04:25,247] INFO [RequestSendThread controllerId=0] Starting (kafka.controller.RequestSendThread)
[2018-10-25 18:04:25,264] INFO [Controller id=0] Partitions being reassigned: Map() (kafka.controller.KafkaController)
[2018-10-25 18:04:25,265] INFO [Controller id=0] Currently active brokers in the cluster: Set(0) (kafka.controller.KafkaController)
[2018-10-25 18:04:25,265] INFO [Controller id=0] Currently shutting brokers in the cluster: Set() (kafka.controller.KafkaController)
[2018-10-25 18:04:25,265] INFO [Controller id=0] Current list of topics in the cluster: Set(basic_topic) (kafka.controller.KafkaController)
[2018-10-25 18:04:25,266] INFO [Controller id=0] Fetching topic deletions in progress (kafka.controller.KafkaController)
[2018-10-25 18:04:25,269] INFO [Controller id=0] List of topics to be deleted:  (kafka.controller.KafkaController)
[2018-10-25 18:04:25,270] INFO [Controller id=0] List of topics ineligible for deletion:  (kafka.controller.KafkaController)
[2018-10-25 18:04:25,275] INFO [Controller id=0] Initializing topic deletion manager (kafka.controller.KafkaController)
[2018-10-25 18:04:25,279] INFO [Controller id=0] Sending update metadata request (kafka.controller.KafkaController)
[2018-10-25 18:04:25,350] INFO [ReplicaStateMachine controllerId=0] Initializing replica state (kafka.controller.ReplicaStateMachine)
[2018-10-25 18:04:25,353] INFO [RequestSendThread controllerId=0] Controller 0 connected to duong-VirtualBox:9092 (id: 0 rack: null) for sending state change requests (kafka.controller.RequestSendThread)
[2018-10-25 18:04:25,550] INFO [ReplicaStateMachine controllerId=0] Triggering online replica state changes (kafka.controller.ReplicaStateMachine)
[2018-10-25 18:04:25,855] INFO [ReplicaStateMachine controllerId=0] Started replica state machine with initial state -> Map([Topic=basic_topic,Partition=0,Replica=0] -> OnlineReplica) (kafka.controller.ReplicaStateMachine)
[2018-10-25 18:04:25,879] INFO [PartitionStateMachine controllerId=0] Initializing partition state (kafka.controller.PartitionStateMachine)
[2018-10-25 18:04:25,890] INFO [PartitionStateMachine controllerId=0] Triggering online partition state changes (kafka.controller.PartitionStateMachine)
[2018-10-25 18:04:25,932] INFO [PartitionStateMachine controllerId=0] Started partition state machine with initial state -> Map(basic_topic-0 -> OnlinePartition) (kafka.controller.PartitionStateMachine)
[2018-10-25 18:04:25,933] INFO [Controller id=0] Ready to serve as the new controller with epoch 9 (kafka.controller.KafkaController)
[2018-10-25 18:04:25,981] INFO [Controller id=0] Partitions undergoing preferred replica election:  (kafka.controller.KafkaController)
[2018-10-25 18:04:25,982] INFO [Controller id=0] Partitions that completed preferred replica election:  (kafka.controller.KafkaController)
[2018-10-25 18:04:25,982] INFO [Controller id=0] Skipping preferred replica election for partitions due to topic deletion:  (kafka.controller.KafkaController)
[2018-10-25 18:04:25,982] INFO [Controller id=0] Resuming preferred replica election for partitions:  (kafka.controller.KafkaController)
[2018-10-25 18:04:25,982] INFO [Controller id=0] Starting preferred replica leader election for partitions  (kafka.controller.KafkaController)
[2018-10-25 18:04:26,146] INFO [Controller id=0] Starting the controller scheduler (kafka.controller.KafkaController)
[2018-10-25 18:04:31,168] TRACE [Controller id=0] Checking need to trigger auto leader balancing (kafka.controller.KafkaController)
[2018-10-25 18:04:31,169] DEBUG [Controller id=0] Preferred replicas by broker Map(0 -> Map(basic_topic-0 -> Vector(0))) (kafka.controller.KafkaController)
[2018-10-25 18:04:31,170] DEBUG [Controller id=0] Topics not in preferred replica for broker 0 Map() (kafka.controller.KafkaController)
[2018-10-25 18:04:31,171] TRACE [Controller id=0] Leader imbalance ratio for broker 0 is 0.0 (kafka.controller.KafkaController)
[2018-10-25 18:09:31,171] TRACE [Controller id=0] Checking need to trigger auto leader balancing (kafka.controller.KafkaController)
[2018-10-25 18:09:31,212] DEBUG [Controller id=0] Preferred replicas by broker Map(0 -> Map(basic_topic-0 -> Vector(0))) (kafka.controller.KafkaController)
[2018-10-25 18:09:31,212] DEBUG [Controller id=0] Topics not in preferred replica for broker 0 Map() (kafka.controller.KafkaController)
[2018-10-25 18:09:31,212] TRACE [Controller id=0] Leader imbalance ratio for broker 0 is 0.0 (kafka.controller.KafkaController)
[2018-10-25 18:14:31,212] TRACE [Controller id=0] Checking need to trigger auto leader balancing (kafka.controller.KafkaController)
[2018-10-25 18:14:31,212] DEBUG [Controller id=0] Preferred replicas by broker Map(0 -> Map(basic_topic-0 -> Vector(0))) (kafka.controller.KafkaController)
[2018-10-25 18:14:31,213] DEBUG [Controller id=0] Topics not in preferred replica for broker 0 Map() (kafka.controller.KafkaController)
[2018-10-25 18:14:31,213] TRACE [Controller id=0] Leader imbalance ratio for broker 0 is 0.0 (kafka.controller.KafkaController)
[2018-10-25 18:16:40,020] DEBUG preRegister called. Server=com.sun.jmx.mbeanserver.JmxMBeanServer@66d3c617, name=log4j:logger=kafka.controller (kafka.controller)
[2018-10-25 18:16:42,037] INFO [Controller id=0] Shutting down broker 0 (kafka.controller.KafkaController)
[2018-10-25 18:16:42,047] DEBUG [Controller id=0] All shutting down brokers: 0 (kafka.controller.KafkaController)
[2018-10-25 18:16:42,047] DEBUG [Controller id=0] Live brokers:  (kafka.controller.KafkaController)
[2018-10-25 18:16:42,453] TRACE [Controller id=0] All leaders = basic_topic-0 -> (Leader:0,ISR:0,LeaderEpoch:0,ControllerEpoch:1) (kafka.controller.KafkaController)
[2018-10-25 18:16:44,430] INFO [ControllerEventThread controllerId=0] Shutting down (kafka.controller.ControllerEventManager$ControllerEventThread)
[2018-10-25 18:16:44,430] INFO [ControllerEventThread controllerId=0] Stopped (kafka.controller.ControllerEventManager$ControllerEventThread)
[2018-10-25 18:16:44,431] INFO [ControllerEventThread controllerId=0] Shutdown completed (kafka.controller.ControllerEventManager$ControllerEventThread)
[2018-10-25 18:16:44,498] DEBUG [Controller id=0] Resigning (kafka.controller.KafkaController)
[2018-10-25 18:16:44,532] DEBUG [Controller id=0] Unregister BrokerModifications handler for Set(0) (kafka.controller.KafkaController)
[2018-10-25 18:16:44,551] INFO [PartitionStateMachine controllerId=0] Stopped partition state machine (kafka.controller.PartitionStateMachine)
[2018-10-25 18:16:44,553] INFO [ReplicaStateMachine controllerId=0] Stopped replica state machine (kafka.controller.ReplicaStateMachine)
[2018-10-25 18:16:44,554] INFO [RequestSendThread controllerId=0] Shutting down (kafka.controller.RequestSendThread)
[2018-10-25 18:16:44,554] INFO [RequestSendThread controllerId=0] Stopped (kafka.controller.RequestSendThread)
[2018-10-25 18:16:44,556] INFO [RequestSendThread controllerId=0] Shutdown completed (kafka.controller.RequestSendThread)
[2018-10-25 18:16:44,568] INFO [Controller id=0] Resigned (kafka.controller.KafkaController)
[2018-10-25 18:16:58,692] INFO [ControllerEventThread controllerId=0] Starting (kafka.controller.ControllerEventManager$ControllerEventThread)
[2018-10-25 18:16:58,836] INFO [Controller id=0] 0 successfully elected as the controller (kafka.controller.KafkaController)
[2018-10-25 18:16:58,842] INFO [Controller id=0] Reading controller epoch from ZooKeeper (kafka.controller.KafkaController)
[2018-10-25 18:16:58,965] INFO [Controller id=0] Initialized controller epoch to 9 and zk version 8 (kafka.controller.KafkaController)
[2018-10-25 18:16:58,966] INFO [Controller id=0] Incrementing controller epoch in ZooKeeper (kafka.controller.KafkaController)
[2018-10-25 18:16:59,005] INFO [Controller id=0] Epoch incremented to 10 (kafka.controller.KafkaController)
[2018-10-25 18:16:59,005] INFO [Controller id=0] Registering handlers (kafka.controller.KafkaController)
[2018-10-25 18:16:59,018] INFO [Controller id=0] Deleting log dir event notifications (kafka.controller.KafkaController)
[2018-10-25 18:16:59,024] INFO [Controller id=0] Deleting isr change notifications (kafka.controller.KafkaController)
[2018-10-25 18:16:59,059] INFO [Controller id=0] Initializing controller context (kafka.controller.KafkaController)
[2018-10-25 18:16:59,229] DEBUG [Controller id=0] Register BrokerModifications handler for Set(0) (kafka.controller.KafkaController)
[2018-10-25 18:16:59,379] DEBUG [Channel manager on controller 0]: Controller 0 trying to connect to broker 0 (kafka.controller.ControllerChannelManager)
[2018-10-25 18:16:59,498] INFO [RequestSendThread controllerId=0] Starting (kafka.controller.RequestSendThread)
[2018-10-25 18:16:59,500] INFO [Controller id=0] Partitions being reassigned: Map() (kafka.controller.KafkaController)
[2018-10-25 18:16:59,516] INFO [Controller id=0] Currently active brokers in the cluster: Set(0) (kafka.controller.KafkaController)
[2018-10-25 18:16:59,522] INFO [Controller id=0] Currently shutting brokers in the cluster: Set() (kafka.controller.KafkaController)
[2018-10-25 18:16:59,536] INFO [Controller id=0] Current list of topics in the cluster: Set(basic_topic) (kafka.controller.KafkaController)
[2018-10-25 18:16:59,537] INFO [Controller id=0] Fetching topic deletions in progress (kafka.controller.KafkaController)
[2018-10-25 18:16:59,612] INFO [Controller id=0] List of topics to be deleted:  (kafka.controller.KafkaController)
[2018-10-25 18:16:59,612] INFO [Controller id=0] List of topics ineligible for deletion:  (kafka.controller.KafkaController)
[2018-10-25 18:16:59,612] INFO [Controller id=0] Initializing topic deletion manager (kafka.controller.KafkaController)
[2018-10-25 18:16:59,613] INFO [Controller id=0] Sending update metadata request (kafka.controller.KafkaController)
[2018-10-25 18:17:00,162] INFO [ReplicaStateMachine controllerId=0] Initializing replica state (kafka.controller.ReplicaStateMachine)
[2018-10-25 18:17:00,215] INFO [ReplicaStateMachine controllerId=0] Triggering online replica state changes (kafka.controller.ReplicaStateMachine)
[2018-10-25 18:17:00,765] INFO [RequestSendThread controllerId=0] Controller 0 connected to duong-VirtualBox:9092 (id: 0 rack: null) for sending state change requests (kafka.controller.RequestSendThread)
[2018-10-25 18:17:00,948] INFO [ReplicaStateMachine controllerId=0] Started replica state machine with initial state -> Map([Topic=basic_topic,Partition=0,Replica=0] -> OnlineReplica) (kafka.controller.ReplicaStateMachine)
[2018-10-25 18:17:00,948] INFO [PartitionStateMachine controllerId=0] Initializing partition state (kafka.controller.PartitionStateMachine)
[2018-10-25 18:17:01,090] INFO [PartitionStateMachine controllerId=0] Triggering online partition state changes (kafka.controller.PartitionStateMachine)
[2018-10-25 18:17:01,105] INFO [PartitionStateMachine controllerId=0] Started partition state machine with initial state -> Map(basic_topic-0 -> OnlinePartition) (kafka.controller.PartitionStateMachine)
[2018-10-25 18:17:01,105] INFO [Controller id=0] Ready to serve as the new controller with epoch 10 (kafka.controller.KafkaController)
[2018-10-25 18:17:01,204] INFO [Controller id=0] Partitions undergoing preferred replica election:  (kafka.controller.KafkaController)
[2018-10-25 18:17:01,205] INFO [Controller id=0] Partitions that completed preferred replica election:  (kafka.controller.KafkaController)
[2018-10-25 18:17:01,205] INFO [Controller id=0] Skipping preferred replica election for partitions due to topic deletion:  (kafka.controller.KafkaController)
[2018-10-25 18:17:01,205] INFO [Controller id=0] Resuming preferred replica election for partitions:  (kafka.controller.KafkaController)
[2018-10-25 18:17:01,206] INFO [Controller id=0] Starting preferred replica leader election for partitions  (kafka.controller.KafkaController)
[2018-10-25 18:17:01,310] INFO [Controller id=0] Starting the controller scheduler (kafka.controller.KafkaController)
[2018-10-25 18:17:06,311] TRACE [Controller id=0] Checking need to trigger auto leader balancing (kafka.controller.KafkaController)
[2018-10-25 18:17:06,312] DEBUG [Controller id=0] Preferred replicas by broker Map(0 -> Map(basic_topic-0 -> Vector(0))) (kafka.controller.KafkaController)
[2018-10-25 18:17:06,314] DEBUG [Controller id=0] Topics not in preferred replica for broker 0 Map() (kafka.controller.KafkaController)
[2018-10-25 18:17:06,314] TRACE [Controller id=0] Leader imbalance ratio for broker 0 is 0.0 (kafka.controller.KafkaController)
[2018-10-25 18:22:38,133] DEBUG preRegister called. Server=com.sun.jmx.mbeanserver.JmxMBeanServer@66d3c617, name=log4j:logger=kafka.controller (kafka.controller)
[2018-10-25 18:22:49,151] INFO [ControllerEventThread controllerId=0] Starting (kafka.controller.ControllerEventManager$ControllerEventThread)
[2018-10-25 18:22:49,382] INFO [Controller id=0] 0 successfully elected as the controller (kafka.controller.KafkaController)
[2018-10-25 18:22:49,389] INFO [Controller id=0] Reading controller epoch from ZooKeeper (kafka.controller.KafkaController)
[2018-10-25 18:22:49,555] INFO [Controller id=0] Incrementing controller epoch in ZooKeeper (kafka.controller.KafkaController)
[2018-10-25 18:22:49,767] INFO [Controller id=0] Epoch incremented to 1 (kafka.controller.KafkaController)
[2018-10-25 18:22:49,768] INFO [Controller id=0] Registering handlers (kafka.controller.KafkaController)
[2018-10-25 18:22:49,777] INFO [Controller id=0] Deleting log dir event notifications (kafka.controller.KafkaController)
[2018-10-25 18:22:49,785] INFO [Controller id=0] Deleting isr change notifications (kafka.controller.KafkaController)
[2018-10-25 18:22:49,791] INFO [Controller id=0] Initializing controller context (kafka.controller.KafkaController)
[2018-10-25 18:22:50,185] DEBUG [Controller id=0] Register BrokerModifications handler for Set(0) (kafka.controller.KafkaController)
[2018-10-25 18:22:50,223] DEBUG [Channel manager on controller 0]: Controller 0 trying to connect to broker 0 (kafka.controller.ControllerChannelManager)
[2018-10-25 18:22:50,535] INFO [Controller id=0] Partitions being reassigned: Map() (kafka.controller.KafkaController)
[2018-10-25 18:22:50,560] INFO [RequestSendThread controllerId=0] Starting (kafka.controller.RequestSendThread)
[2018-10-25 18:22:50,575] INFO [Controller id=0] Currently active brokers in the cluster: Set(0) (kafka.controller.KafkaController)
[2018-10-25 18:22:50,576] INFO [Controller id=0] Currently shutting brokers in the cluster: Set() (kafka.controller.KafkaController)
[2018-10-25 18:22:50,597] INFO [Controller id=0] Current list of topics in the cluster: Set() (kafka.controller.KafkaController)
[2018-10-25 18:22:50,714] INFO [Controller id=0] Fetching topic deletions in progress (kafka.controller.KafkaController)
[2018-10-25 18:22:50,768] INFO [Controller id=0] List of topics to be deleted:  (kafka.controller.KafkaController)
[2018-10-25 18:22:50,781] INFO [Controller id=0] List of topics ineligible for deletion:  (kafka.controller.KafkaController)
[2018-10-25 18:22:50,781] INFO [Controller id=0] Initializing topic deletion manager (kafka.controller.KafkaController)
[2018-10-25 18:22:50,781] INFO [Controller id=0] Sending update metadata request (kafka.controller.KafkaController)
[2018-10-25 18:22:50,856] INFO [ReplicaStateMachine controllerId=0] Initializing replica state (kafka.controller.ReplicaStateMachine)
[2018-10-25 18:22:50,866] INFO [ReplicaStateMachine controllerId=0] Triggering online replica state changes (kafka.controller.ReplicaStateMachine)
[2018-10-25 18:22:50,917] INFO [RequestSendThread controllerId=0] Controller 0 connected to duong-VirtualBox:9092 (id: 0 rack: null) for sending state change requests (kafka.controller.RequestSendThread)
[2018-10-25 18:22:50,944] INFO [ReplicaStateMachine controllerId=0] Started replica state machine with initial state -> Map() (kafka.controller.ReplicaStateMachine)
[2018-10-25 18:22:50,955] INFO [PartitionStateMachine controllerId=0] Initializing partition state (kafka.controller.PartitionStateMachine)
[2018-10-25 18:22:50,981] INFO [PartitionStateMachine controllerId=0] Triggering online partition state changes (kafka.controller.PartitionStateMachine)
[2018-10-25 18:22:50,983] INFO [PartitionStateMachine controllerId=0] Started partition state machine with initial state -> Map() (kafka.controller.PartitionStateMachine)
[2018-10-25 18:22:50,983] INFO [Controller id=0] Ready to serve as the new controller with epoch 1 (kafka.controller.KafkaController)
[2018-10-25 18:22:51,017] INFO [Controller id=0] Partitions undergoing preferred replica election:  (kafka.controller.KafkaController)
[2018-10-25 18:22:51,055] INFO [Controller id=0] Partitions that completed preferred replica election:  (kafka.controller.KafkaController)
[2018-10-25 18:22:51,055] INFO [Controller id=0] Skipping preferred replica election for partitions due to topic deletion:  (kafka.controller.KafkaController)
[2018-10-25 18:22:51,055] INFO [Controller id=0] Resuming preferred replica election for partitions:  (kafka.controller.KafkaController)
[2018-10-25 18:22:51,055] INFO [Controller id=0] Starting preferred replica leader election for partitions  (kafka.controller.KafkaController)
[2018-10-25 18:22:51,239] INFO [Controller id=0] Starting the controller scheduler (kafka.controller.KafkaController)
[2018-10-25 18:22:51,310] INFO [Controller id=0] New topics: [Set(basic_topic)], deleted topics: [Set()], new partition replica assignment [Map(basic_topic-0 -> Vector(0))] (kafka.controller.KafkaController)
[2018-10-25 18:22:51,316] INFO [Controller id=0] New partition creation callback for basic_topic-0 (kafka.controller.KafkaController)
[2018-10-25 18:22:56,264] TRACE [Controller id=0] Checking need to trigger auto leader balancing (kafka.controller.KafkaController)
[2018-10-25 18:22:56,269] DEBUG [Controller id=0] Preferred replicas by broker Map(0 -> Map(basic_topic-0 -> Vector(0))) (kafka.controller.KafkaController)
[2018-10-25 18:22:56,270] DEBUG [Controller id=0] Topics not in preferred replica for broker 0 Map() (kafka.controller.KafkaController)
[2018-10-25 18:22:56,271] TRACE [Controller id=0] Leader imbalance ratio for broker 0 is 0.0 (kafka.controller.KafkaController)
[2018-10-25 18:23:42,685] DEBUG preRegister called. Server=com.sun.jmx.mbeanserver.JmxMBeanServer@66d3c617, name=log4j:logger=kafka.controller (kafka.controller)
[2018-10-25 18:23:54,137] INFO [ControllerEventThread controllerId=0] Starting (kafka.controller.ControllerEventManager$ControllerEventThread)
[2018-10-25 18:23:54,300] INFO [Controller id=0] 0 successfully elected as the controller (kafka.controller.KafkaController)
[2018-10-25 18:23:54,300] INFO [Controller id=0] Reading controller epoch from ZooKeeper (kafka.controller.KafkaController)
[2018-10-25 18:23:54,317] INFO [Controller id=0] Initialized controller epoch to 1 and zk version 0 (kafka.controller.KafkaController)
[2018-10-25 18:23:54,317] INFO [Controller id=0] Incrementing controller epoch in ZooKeeper (kafka.controller.KafkaController)
[2018-10-25 18:23:54,335] INFO [Controller id=0] Epoch incremented to 2 (kafka.controller.KafkaController)
[2018-10-25 18:23:54,336] INFO [Controller id=0] Registering handlers (kafka.controller.KafkaController)
[2018-10-25 18:23:54,352] INFO [Controller id=0] Deleting log dir event notifications (kafka.controller.KafkaController)
[2018-10-25 18:23:54,361] INFO [Controller id=0] Deleting isr change notifications (kafka.controller.KafkaController)
[2018-10-25 18:23:54,367] INFO [Controller id=0] Initializing controller context (kafka.controller.KafkaController)
[2018-10-25 18:23:54,463] DEBUG [Controller id=0] Register BrokerModifications handler for Set(0) (kafka.controller.KafkaController)
[2018-10-25 18:23:54,518] DEBUG [Channel manager on controller 0]: Controller 0 trying to connect to broker 0 (kafka.controller.ControllerChannelManager)
[2018-10-25 18:23:54,582] INFO [Controller id=0] Partitions being reassigned: Map() (kafka.controller.KafkaController)
[2018-10-25 18:23:54,583] INFO [Controller id=0] Currently active brokers in the cluster: Set(0) (kafka.controller.KafkaController)
[2018-10-25 18:23:54,583] INFO [Controller id=0] Currently shutting brokers in the cluster: Set() (kafka.controller.KafkaController)
[2018-10-25 18:23:54,583] INFO [Controller id=0] Current list of topics in the cluster: Set(basic_topic) (kafka.controller.KafkaController)
[2018-10-25 18:23:54,583] INFO [Controller id=0] Fetching topic deletions in progress (kafka.controller.KafkaController)
[2018-10-25 18:23:54,588] INFO [RequestSendThread controllerId=0] Starting (kafka.controller.RequestSendThread)
[2018-10-25 18:23:54,609] INFO [Controller id=0] List of topics to be deleted:  (kafka.controller.KafkaController)
[2018-10-25 18:23:54,609] INFO [Controller id=0] List of topics ineligible for deletion:  (kafka.controller.KafkaController)
[2018-10-25 18:23:54,609] INFO [Controller id=0] Initializing topic deletion manager (kafka.controller.KafkaController)
[2018-10-25 18:23:54,610] INFO [Controller id=0] Sending update metadata request (kafka.controller.KafkaController)
[2018-10-25 18:23:54,693] INFO [ReplicaStateMachine controllerId=0] Initializing replica state (kafka.controller.ReplicaStateMachine)
[2018-10-25 18:23:54,701] INFO [RequestSendThread controllerId=0] Controller 0 connected to duong-VirtualBox:9092 (id: 0 rack: null) for sending state change requests (kafka.controller.RequestSendThread)
[2018-10-25 18:23:54,773] INFO [ReplicaStateMachine controllerId=0] Triggering online replica state changes (kafka.controller.ReplicaStateMachine)
[2018-10-25 18:23:54,942] INFO [ReplicaStateMachine controllerId=0] Started replica state machine with initial state -> Map([Topic=basic_topic,Partition=0,Replica=0] -> OnlineReplica) (kafka.controller.ReplicaStateMachine)
[2018-10-25 18:23:54,942] INFO [PartitionStateMachine controllerId=0] Initializing partition state (kafka.controller.PartitionStateMachine)
[2018-10-25 18:23:54,955] INFO [PartitionStateMachine controllerId=0] Triggering online partition state changes (kafka.controller.PartitionStateMachine)
[2018-10-25 18:23:54,967] INFO [PartitionStateMachine controllerId=0] Started partition state machine with initial state -> Map(basic_topic-0 -> OnlinePartition) (kafka.controller.PartitionStateMachine)
[2018-10-25 18:23:54,968] INFO [Controller id=0] Ready to serve as the new controller with epoch 2 (kafka.controller.KafkaController)
[2018-10-25 18:23:54,992] INFO [Controller id=0] Partitions undergoing preferred replica election:  (kafka.controller.KafkaController)
[2018-10-25 18:23:54,993] INFO [Controller id=0] Partitions that completed preferred replica election:  (kafka.controller.KafkaController)
[2018-10-25 18:23:54,993] INFO [Controller id=0] Skipping preferred replica election for partitions due to topic deletion:  (kafka.controller.KafkaController)
[2018-10-25 18:23:54,993] INFO [Controller id=0] Resuming preferred replica election for partitions:  (kafka.controller.KafkaController)
[2018-10-25 18:23:54,994] INFO [Controller id=0] Starting preferred replica leader election for partitions  (kafka.controller.KafkaController)
[2018-10-25 18:23:55,064] INFO [Controller id=0] Starting the controller scheduler (kafka.controller.KafkaController)
[2018-10-25 18:24:00,069] TRACE [Controller id=0] Checking need to trigger auto leader balancing (kafka.controller.KafkaController)
[2018-10-25 18:24:00,070] DEBUG [Controller id=0] Preferred replicas by broker Map(0 -> Map(basic_topic-0 -> Vector(0))) (kafka.controller.KafkaController)
[2018-10-25 18:24:00,071] DEBUG [Controller id=0] Topics not in preferred replica for broker 0 Map() (kafka.controller.KafkaController)
[2018-10-25 18:24:00,072] TRACE [Controller id=0] Leader imbalance ratio for broker 0 is 0.0 (kafka.controller.KafkaController)
[2018-10-25 18:29:00,072] TRACE [Controller id=0] Checking need to trigger auto leader balancing (kafka.controller.KafkaController)
[2018-10-25 18:29:00,073] DEBUG [Controller id=0] Preferred replicas by broker Map(0 -> Map(basic_topic-0 -> Vector(0))) (kafka.controller.KafkaController)
[2018-10-25 18:29:00,073] DEBUG [Controller id=0] Topics not in preferred replica for broker 0 Map() (kafka.controller.KafkaController)
[2018-10-25 18:29:00,073] TRACE [Controller id=0] Leader imbalance ratio for broker 0 is 0.0 (kafka.controller.KafkaController)
[2018-10-25 18:34:00,073] TRACE [Controller id=0] Checking need to trigger auto leader balancing (kafka.controller.KafkaController)
[2018-10-25 18:34:00,073] DEBUG [Controller id=0] Preferred replicas by broker Map(0 -> Map(basic_topic-0 -> Vector(0))) (kafka.controller.KafkaController)
[2018-10-25 18:34:00,074] DEBUG [Controller id=0] Topics not in preferred replica for broker 0 Map() (kafka.controller.KafkaController)
[2018-10-25 18:34:00,074] TRACE [Controller id=0] Leader imbalance ratio for broker 0 is 0.0 (kafka.controller.KafkaController)
