[2018-10-25 17:06:21,192] INFO Shutting down the log cleaner. (kafka.log.LogCleaner)
[2018-10-25 17:06:21,193] INFO [kafka-log-cleaner-thread-0]: Shutting down (kafka.log.LogCleaner)
[2018-10-25 17:06:21,193] INFO [kafka-log-cleaner-thread-0]: Stopped (kafka.log.LogCleaner)
[2018-10-25 17:06:21,195] INFO [kafka-log-cleaner-thread-0]: Shutdown completed (kafka.log.LogCleaner)
[2018-10-25 17:13:33,776] INFO Starting the log cleaner (kafka.log.LogCleaner)
[2018-10-25 17:13:33,995] INFO [kafka-log-cleaner-thread-0]: Starting (kafka.log.LogCleaner)
[2018-10-25 17:20:20,735] INFO Shutting down the log cleaner. (kafka.log.LogCleaner)
[2018-10-25 17:20:20,736] INFO [kafka-log-cleaner-thread-0]: Shutting down (kafka.log.LogCleaner)
[2018-10-25 17:20:20,736] INFO [kafka-log-cleaner-thread-0]: Stopped (kafka.log.LogCleaner)
[2018-10-25 17:20:20,739] INFO [kafka-log-cleaner-thread-0]: Shutdown completed (kafka.log.LogCleaner)
[2018-10-25 17:21:49,107] INFO Starting the log cleaner (kafka.log.LogCleaner)
[2018-10-25 17:21:49,298] INFO [kafka-log-cleaner-thread-0]: Starting (kafka.log.LogCleaner)
[2018-10-25 17:34:43,600] INFO Shutting down the log cleaner. (kafka.log.LogCleaner)
[2018-10-25 17:34:43,654] INFO [kafka-log-cleaner-thread-0]: Shutting down (kafka.log.LogCleaner)
[2018-10-25 17:34:43,654] INFO [kafka-log-cleaner-thread-0]: Stopped (kafka.log.LogCleaner)
[2018-10-25 17:34:43,659] INFO [kafka-log-cleaner-thread-0]: Shutdown completed (kafka.log.LogCleaner)
[2018-10-25 17:34:50,863] INFO Starting the log cleaner (kafka.log.LogCleaner)
[2018-10-25 17:34:51,081] INFO [kafka-log-cleaner-thread-0]: Starting (kafka.log.LogCleaner)
[2018-10-25 17:36:58,086] INFO Shutting down the log cleaner. (kafka.log.LogCleaner)
[2018-10-25 17:36:58,086] INFO [kafka-log-cleaner-thread-0]: Shutting down (kafka.log.LogCleaner)
[2018-10-25 17:36:58,086] INFO [kafka-log-cleaner-thread-0]: Stopped (kafka.log.LogCleaner)
[2018-10-25 17:36:58,087] INFO [kafka-log-cleaner-thread-0]: Shutdown completed (kafka.log.LogCleaner)
[2018-10-25 17:37:06,524] INFO Starting the log cleaner (kafka.log.LogCleaner)
[2018-10-25 17:37:06,821] INFO [kafka-log-cleaner-thread-0]: Starting (kafka.log.LogCleaner)
[2018-10-25 17:42:12,796] INFO Shutting down the log cleaner. (kafka.log.LogCleaner)
[2018-10-25 17:42:12,797] INFO [kafka-log-cleaner-thread-0]: Shutting down (kafka.log.LogCleaner)
[2018-10-25 17:42:12,797] INFO [kafka-log-cleaner-thread-0]: Stopped (kafka.log.LogCleaner)
[2018-10-25 17:42:12,799] INFO [kafka-log-cleaner-thread-0]: Shutdown completed (kafka.log.LogCleaner)
[2018-10-25 17:42:20,396] INFO Starting the log cleaner (kafka.log.LogCleaner)
[2018-10-25 17:42:20,920] INFO [kafka-log-cleaner-thread-0]: Starting (kafka.log.LogCleaner)
