[2018-11-05 04:54:31,957] TRACE [Controller id=0 epoch=6] Sending UpdateMetadata request PartitionState(controllerEpoch=1, leader=0, leaderEpoch=0, isr=[0], zkVersion=0, replicas=[0], offlineReplicas=[]) to brokers Set(0) for partition basic_topic-0 (state.change.logger)
[2018-11-05 04:54:31,958] TRACE [Controller id=0 epoch=6] Changed state of replica 0 for partition basic_topic-0 from OnlineReplica to OnlineReplica (state.change.logger)
[2018-11-05 04:54:31,958] TRACE [Controller id=0 epoch=6] Sending become-leader LeaderAndIsr request PartitionState(controllerEpoch=1, leader=0, leaderEpoch=0, isr=0, zkVersion=0, replicas=0, isNew=false) to broker 0 for partition basic_topic-0 (state.change.logger)
[2018-11-05 04:54:31,958] TRACE [Controller id=0 epoch=6] Sending UpdateMetadata request PartitionState(controllerEpoch=1, leader=0, leaderEpoch=0, isr=[0], zkVersion=0, replicas=[0], offlineReplicas=[]) to brokers Set(0) for partition basic_topic-0 (state.change.logger)
[2018-11-05 04:54:31,963] TRACE [Broker id=0] Cached leader info PartitionState(controllerEpoch=1, leader=0, leaderEpoch=0, isr=[0], zkVersion=0, replicas=[0], offlineReplicas=[]) for partition basic_topic-0 in response to UpdateMetadata request sent by controller 0 epoch 6 with correlation id 0 (state.change.logger)
[2018-11-05 04:54:31,965] TRACE [Controller id=0 epoch=6] Received response {error_code=0} for request UPDATE_METADATA with correlation id 0 sent to broker lap11201:9092 (id: 0 rack: null) (state.change.logger)
[2018-11-05 04:54:31,965] TRACE [Broker id=0] Received LeaderAndIsr request PartitionState(controllerEpoch=1, leader=0, leaderEpoch=0, isr=0, zkVersion=0, replicas=0, isNew=false) correlation id 1 from controller 0 epoch 6 for partition basic_topic-0 (state.change.logger)
[2018-11-05 04:54:31,965] WARN [Broker id=0] Ignoring LeaderAndIsr request from controller 0 with correlation id 1 epoch 6 for partition basic_topic-0 since its associated leader epoch 0 is not higher than the current leader epoch 0 (state.change.logger)
[2018-11-05 04:54:31,966] TRACE [Controller id=0 epoch=6] Received response {error_code=0,partitions=[{topic=basic_topic,partition=0,error_code=11}]} for request LEADER_AND_ISR with correlation id 1 sent to broker lap11201:9092 (id: 0 rack: null) (state.change.logger)
[2018-11-05 04:54:31,966] TRACE [Broker id=0] Cached leader info PartitionState(controllerEpoch=1, leader=0, leaderEpoch=0, isr=[0], zkVersion=0, replicas=[0], offlineReplicas=[]) for partition basic_topic-0 in response to UpdateMetadata request sent by controller 0 epoch 6 with correlation id 2 (state.change.logger)
[2018-11-05 04:54:31,966] TRACE [Controller id=0 epoch=6] Received response {error_code=0} for request UPDATE_METADATA with correlation id 2 sent to broker lap11201:9092 (id: 0 rack: null) (state.change.logger)
[2018-11-05 04:59:09,681] DEBUG preRegister called. Server=com.sun.jmx.mbeanserver.JmxMBeanServer@66d3c617, name=log4j:logger=state.change.logger (state.change.logger)
[2018-11-05 04:59:16,216] TRACE [Controller id=0 epoch=7] Sending UpdateMetadata request PartitionState(controllerEpoch=1, leader=0, leaderEpoch=0, isr=[0], zkVersion=0, replicas=[0], offlineReplicas=[]) to brokers Set(0) for partition basic_topic-0 (state.change.logger)
[2018-11-05 04:59:16,246] TRACE [Controller id=0 epoch=7] Changed state of replica 0 for partition basic_topic-0 from OnlineReplica to OnlineReplica (state.change.logger)
[2018-11-05 04:59:16,248] TRACE [Controller id=0 epoch=7] Sending become-leader LeaderAndIsr request PartitionState(controllerEpoch=1, leader=0, leaderEpoch=0, isr=0, zkVersion=0, replicas=0, isNew=false) to broker 0 for partition basic_topic-0 (state.change.logger)
[2018-11-05 04:59:16,253] TRACE [Controller id=0 epoch=7] Sending UpdateMetadata request PartitionState(controllerEpoch=1, leader=0, leaderEpoch=0, isr=[0], zkVersion=0, replicas=[0], offlineReplicas=[]) to brokers Set(0) for partition basic_topic-0 (state.change.logger)
[2018-11-05 04:59:16,261] TRACE [Broker id=0] Cached leader info PartitionState(controllerEpoch=1, leader=0, leaderEpoch=0, isr=[0], zkVersion=0, replicas=[0], offlineReplicas=[]) for partition basic_topic-0 in response to UpdateMetadata request sent by controller 0 epoch 7 with correlation id 0 (state.change.logger)
[2018-11-05 04:59:16,270] TRACE [Controller id=0 epoch=7] Received response {error_code=0} for request UPDATE_METADATA with correlation id 0 sent to broker lap11201:9092 (id: 0 rack: null) (state.change.logger)
[2018-11-05 04:59:16,273] TRACE [Broker id=0] Received LeaderAndIsr request PartitionState(controllerEpoch=1, leader=0, leaderEpoch=0, isr=0, zkVersion=0, replicas=0, isNew=false) correlation id 1 from controller 0 epoch 7 for partition basic_topic-0 (state.change.logger)
[2018-11-05 04:59:16,279] TRACE [Broker id=0] Handling LeaderAndIsr request correlationId 1 from controller 0 epoch 7 starting the become-leader transition for partition basic_topic-0 (state.change.logger)
[2018-11-05 04:59:16,306] TRACE [Broker id=0] Stopped fetchers as part of become-leader request from controller 0 epoch 7 with correlation id 1 for partition basic_topic-0 (last update controller epoch 1) (state.change.logger)
[2018-11-05 04:59:16,307] TRACE [Broker id=0] Completed LeaderAndIsr request correlationId 1 from controller 0 epoch 7 for the become-leader transition for partition basic_topic-0 (state.change.logger)
[2018-11-05 04:59:16,321] TRACE [Controller id=0 epoch=7] Received response {error_code=0,partitions=[{topic=basic_topic,partition=0,error_code=0}]} for request LEADER_AND_ISR with correlation id 1 sent to broker lap11201:9092 (id: 0 rack: null) (state.change.logger)
[2018-11-05 04:59:16,325] TRACE [Broker id=0] Cached leader info PartitionState(controllerEpoch=1, leader=0, leaderEpoch=0, isr=[0], zkVersion=0, replicas=[0], offlineReplicas=[]) for partition basic_topic-0 in response to UpdateMetadata request sent by controller 0 epoch 7 with correlation id 2 (state.change.logger)
[2018-11-05 04:59:16,326] TRACE [Controller id=0 epoch=7] Received response {error_code=0} for request UPDATE_METADATA with correlation id 2 sent to broker lap11201:9092 (id: 0 rack: null) (state.change.logger)
